2020-12-09 15:04:46,903 [Worker-2: Loading available Gradle versions] INFO  o.e.b.c.i.u.g.PublishedGradleVersions - Gradle version information cache is up-to-date. Trying to read.
2020-12-09 15:05:09,454 [Worker-17: Importing Maven projects] INFO  o.e.m.c.i.l.LifecycleMappingFactory - Using NULL lifecycle mapping for MavenProject: fr.mickaelbaron:parent-sse-examples:1.0.0-SNAPSHOT @ D:\stockage\ENSMA\A3\Info\projets\projet_meteo\git_workspace\projet maven ET projet web\projet_maven\sse-examples\pom.xml.
2020-12-09 15:05:12,059 [Worker-17: Importing Maven projects] INFO  o.e.m.c.i.l.LifecycleMappingFactory - Using org.eclipse.m2e.jdt.JarLifecycleMapping lifecycle mapping for MavenProject: fr.mickaelbaron:sse-helloworld:1.0.0-SNAPSHOT @ D:\stockage\ENSMA\A3\Info\projets\projet_meteo\git_workspace\projet maven ET projet web\projet_maven\sse-examples\sse-helloworld\pom.xml.
2020-12-09 15:05:12,559 [Worker-17: Importing Maven projects] WARN  o.e.m.c.i.embedder.EclipseLogger - The artifact jdom:jdom:jar:1.1 has been relocated to org.jdom:jdom:jar:1.1
2020-12-09 15:05:12,668 [Worker-17: Importing Maven projects] INFO  o.e.m.c.i.l.LifecycleMappingFactory - Using org.eclipse.m2e.jdt.JarLifecycleMapping lifecycle mapping for MavenProject: fr.mickaelbaron:sse-helloworld-war:1.0.0-SNAPSHOT @ D:\stockage\ENSMA\A3\Info\projets\projet_meteo\git_workspace\projet maven ET projet web\projet_maven\sse-examples\sse-helloworld-war\pom.xml.
2020-12-09 15:05:12,779 [Worker-17: Importing Maven projects] INFO  o.e.m.c.i.l.LifecycleMappingFactory - Using org.eclipse.m2e.jdt.JarLifecycleMapping lifecycle mapping for MavenProject: fr.mickaelbaron:sse-helloworld-client:1.0.0-SNAPSHOT @ D:\stockage\ENSMA\A3\Info\projets\projet_meteo\git_workspace\projet maven ET projet web\projet_maven\sse-examples\sse-helloworld-client\pom.xml.
2020-12-09 15:05:14,986 [Worker-17: Importing Maven projects] INFO  o.e.m.j.i.AbstractJavaProjectConfigurator - Adding source folder /sse-helloworld/src/main/java
2020-12-09 15:05:14,987 [Worker-17: Importing Maven projects] INFO  o.e.m.j.i.AbstractJavaProjectConfigurator - Adding source folder /sse-helloworld/src/test/java
2020-12-09 15:05:15,098 [Worker-17: Importing Maven projects] INFO  o.e.m.j.i.AbstractJavaProjectConfigurator - Adding source folder /sse-helloworld-client/src/main/java
2020-12-09 15:05:15,098 [Worker-17: Importing Maven projects] INFO  o.e.m.j.i.AbstractJavaProjectConfigurator - Adding source folder /sse-helloworld-client/src/test/java
2020-12-09 15:05:15,188 [Worker-17: Importing Maven projects] INFO  o.e.m.j.i.AbstractJavaProjectConfigurator - Adding source folder /sse-helloworld-war/src/main/java
2020-12-09 15:05:15,188 [Worker-17: Importing Maven projects] INFO  o.e.m.j.i.AbstractJavaProjectConfigurator - Adding source folder /sse-helloworld-war/src/test/java
2020-12-09 15:05:15,266 [Worker-17: Importing Maven projects] INFO  o.e.m.c.i.p.ProjectConfigurationManager - Imported and configured 4 project(s) in 6 sec
2020-12-09 15:05:16,940 [Worker-15: Building] WARN  o.e.m.c.i.embedder.EclipseLogger - The artifact jdom:jdom:jar:1.1 has been relocated to org.jdom:jdom:jar:1.1
2020-12-09 15:05:16,976 [Worker-15: Building] WARN  o.e.m.c.i.embedder.EclipseLogger - Using platform encoding (Cp1252 actually) to copy filtered resources, i.e. build is platform dependent!
2020-12-09 15:05:16,977 [Worker-15: Building] INFO  o.e.m.c.i.embedder.EclipseLogger - skip non existing resourceDirectory D:\stockage\ENSMA\A3\Info\projets\projet_meteo\git_workspace\projet maven ET projet web\projet_maven\sse-examples\sse-helloworld\src\main\resources
2020-12-09 15:05:16,978 [Worker-15: Building] WARN  o.e.m.c.i.embedder.EclipseLogger - Using platform encoding (Cp1252 actually) to copy filtered resources, i.e. build is platform dependent!
2020-12-09 15:05:16,979 [Worker-15: Building] INFO  o.e.m.c.i.embedder.EclipseLogger - skip non existing resourceDirectory D:\stockage\ENSMA\A3\Info\projets\projet_meteo\git_workspace\projet maven ET projet web\projet_maven\sse-examples\sse-helloworld\src\test\resources
2020-12-09 15:05:17,166 [Worker-15: Building] WARN  o.e.m.c.i.embedder.EclipseLogger - Using platform encoding (Cp1252 actually) to copy filtered resources, i.e. build is platform dependent!
2020-12-09 15:05:17,166 [Worker-15: Building] INFO  o.e.m.c.i.embedder.EclipseLogger - skip non existing resourceDirectory D:\stockage\ENSMA\A3\Info\projets\projet_meteo\git_workspace\projet maven ET projet web\projet_maven\sse-examples\sse-helloworld-client\src\main\resources
2020-12-09 15:05:17,167 [Worker-15: Building] WARN  o.e.m.c.i.embedder.EclipseLogger - Using platform encoding (Cp1252 actually) to copy filtered resources, i.e. build is platform dependent!
2020-12-09 15:05:17,168 [Worker-15: Building] INFO  o.e.m.c.i.embedder.EclipseLogger - skip non existing resourceDirectory D:\stockage\ENSMA\A3\Info\projets\projet_meteo\git_workspace\projet maven ET projet web\projet_maven\sse-examples\sse-helloworld-client\src\test\resources
2020-12-09 15:05:17,345 [Worker-15: Building] WARN  o.e.m.c.i.embedder.EclipseLogger - Using platform encoding (Cp1252 actually) to copy filtered resources, i.e. build is platform dependent!
2020-12-09 15:05:17,345 [Worker-15: Building] INFO  o.e.m.c.i.embedder.EclipseLogger - skip non existing resourceDirectory D:\stockage\ENSMA\A3\Info\projets\projet_meteo\git_workspace\projet maven ET projet web\projet_maven\sse-examples\sse-helloworld-war\src\main\resources
2020-12-09 15:05:17,346 [Worker-15: Building] WARN  o.e.m.c.i.embedder.EclipseLogger - Using platform encoding (Cp1252 actually) to copy filtered resources, i.e. build is platform dependent!
2020-12-09 15:05:17,347 [Worker-15: Building] INFO  o.e.m.c.i.embedder.EclipseLogger - skip non existing resourceDirectory D:\stockage\ENSMA\A3\Info\projets\projet_meteo\git_workspace\projet maven ET projet web\projet_maven\sse-examples\sse-helloworld-war\src\test\resources
2020-12-09 15:05:43,246 [Worker-27: Building] WARN  o.e.m.c.i.embedder.EclipseLogger - Using platform encoding (Cp1252 actually) to copy filtered resources, i.e. build is platform dependent!
2020-12-09 15:05:43,247 [Worker-27: Building] INFO  o.e.m.c.i.embedder.EclipseLogger - skip non existing resourceDirectory D:\stockage\ENSMA\A3\Info\projets\projet_meteo\git_workspace\projet maven ET projet web\projet_maven\sse-examples\sse-helloworld\src\main\resources
2020-12-09 15:05:43,248 [Worker-27: Building] WARN  o.e.m.c.i.embedder.EclipseLogger - Using platform encoding (Cp1252 actually) to copy filtered resources, i.e. build is platform dependent!
2020-12-09 15:05:43,248 [Worker-27: Building] INFO  o.e.m.c.i.embedder.EclipseLogger - skip non existing resourceDirectory D:\stockage\ENSMA\A3\Info\projets\projet_meteo\git_workspace\projet maven ET projet web\projet_maven\sse-examples\sse-helloworld\src\test\resources
2020-12-09 15:05:43,261 [Worker-27: Building] WARN  o.e.m.c.i.embedder.EclipseLogger - Using platform encoding (Cp1252 actually) to copy filtered resources, i.e. build is platform dependent!
2020-12-09 15:05:43,261 [Worker-27: Building] INFO  o.e.m.c.i.embedder.EclipseLogger - skip non existing resourceDirectory D:\stockage\ENSMA\A3\Info\projets\projet_meteo\git_workspace\projet maven ET projet web\projet_maven\sse-examples\sse-helloworld-client\src\main\resources
2020-12-09 15:05:43,262 [Worker-27: Building] WARN  o.e.m.c.i.embedder.EclipseLogger - Using platform encoding (Cp1252 actually) to copy filtered resources, i.e. build is platform dependent!
2020-12-09 15:05:43,263 [Worker-27: Building] INFO  o.e.m.c.i.embedder.EclipseLogger - skip non existing resourceDirectory D:\stockage\ENSMA\A3\Info\projets\projet_meteo\git_workspace\projet maven ET projet web\projet_maven\sse-examples\sse-helloworld-client\src\test\resources
2020-12-09 15:05:43,275 [Worker-27: Building] WARN  o.e.m.c.i.embedder.EclipseLogger - Using platform encoding (Cp1252 actually) to copy filtered resources, i.e. build is platform dependent!
2020-12-09 15:05:43,276 [Worker-27: Building] INFO  o.e.m.c.i.embedder.EclipseLogger - skip non existing resourceDirectory D:\stockage\ENSMA\A3\Info\projets\projet_meteo\git_workspace\projet maven ET projet web\projet_maven\sse-examples\sse-helloworld-war\src\main\resources
2020-12-09 15:05:43,277 [Worker-27: Building] WARN  o.e.m.c.i.embedder.EclipseLogger - Using platform encoding (Cp1252 actually) to copy filtered resources, i.e. build is platform dependent!
2020-12-09 15:05:43,278 [Worker-27: Building] INFO  o.e.m.c.i.embedder.EclipseLogger - skip non existing resourceDirectory D:\stockage\ENSMA\A3\Info\projets\projet_meteo\git_workspace\projet maven ET projet web\projet_maven\sse-examples\sse-helloworld-war\src\test\resources
2020-12-09 15:10:59,477 [Worker-30: Building] WARN  o.e.m.c.i.embedder.EclipseLogger - Using platform encoding (Cp1252 actually) to copy filtered resources, i.e. build is platform dependent!
2020-12-09 15:10:59,478 [Worker-30: Building] INFO  o.e.m.c.i.embedder.EclipseLogger - skip non existing resourceDirectory D:\stockage\ENSMA\A3\Info\projets\projet_meteo\git_workspace\projet maven ET projet web\projet_maven\sse-examples\sse-helloworld\src\main\resources
2020-12-09 15:10:59,479 [Worker-30: Building] WARN  o.e.m.c.i.embedder.EclipseLogger - Using platform encoding (Cp1252 actually) to copy filtered resources, i.e. build is platform dependent!
2020-12-09 15:10:59,479 [Worker-30: Building] INFO  o.e.m.c.i.embedder.EclipseLogger - skip non existing resourceDirectory D:\stockage\ENSMA\A3\Info\projets\projet_meteo\git_workspace\projet maven ET projet web\projet_maven\sse-examples\sse-helloworld\src\test\resources
2020-12-09 15:11:33,580 [Worker-28: Building] WARN  o.e.m.c.i.embedder.EclipseLogger - Using platform encoding (Cp1252 actually) to copy filtered resources, i.e. build is platform dependent!
2020-12-09 15:11:33,581 [Worker-28: Building] INFO  o.e.m.c.i.embedder.EclipseLogger - skip non existing resourceDirectory D:\stockage\ENSMA\A3\Info\projets\projet_meteo\git_workspace\projet maven ET projet web\projet_maven\sse-examples\sse-helloworld\src\main\resources
2020-12-09 15:11:33,582 [Worker-28: Building] WARN  o.e.m.c.i.embedder.EclipseLogger - Using platform encoding (Cp1252 actually) to copy filtered resources, i.e. build is platform dependent!
2020-12-09 15:11:33,582 [Worker-28: Building] INFO  o.e.m.c.i.embedder.EclipseLogger - skip non existing resourceDirectory D:\stockage\ENSMA\A3\Info\projets\projet_meteo\git_workspace\projet maven ET projet web\projet_maven\sse-examples\sse-helloworld\src\test\resources
2020-12-09 15:12:00,755 [Worker-28: Building] WARN  o.e.m.c.i.embedder.EclipseLogger - Using platform encoding (Cp1252 actually) to copy filtered resources, i.e. build is platform dependent!
2020-12-09 15:12:00,756 [Worker-28: Building] INFO  o.e.m.c.i.embedder.EclipseLogger - skip non existing resourceDirectory D:\stockage\ENSMA\A3\Info\projets\projet_meteo\git_workspace\projet maven ET projet web\projet_maven\sse-examples\sse-helloworld\src\main\resources
2020-12-09 15:12:00,756 [Worker-28: Building] WARN  o.e.m.c.i.embedder.EclipseLogger - Using platform encoding (Cp1252 actually) to copy filtered resources, i.e. build is platform dependent!
2020-12-09 15:12:00,757 [Worker-28: Building] INFO  o.e.m.c.i.embedder.EclipseLogger - skip non existing resourceDirectory D:\stockage\ENSMA\A3\Info\projets\projet_meteo\git_workspace\projet maven ET projet web\projet_maven\sse-examples\sse-helloworld\src\test\resources
2020-12-09 15:12:13,019 [Worker-31: Building] WARN  o.e.m.c.i.embedder.EclipseLogger - Using platform encoding (Cp1252 actually) to copy filtered resources, i.e. build is platform dependent!
2020-12-09 15:12:13,020 [Worker-31: Building] INFO  o.e.m.c.i.embedder.EclipseLogger - skip non existing resourceDirectory D:\stockage\ENSMA\A3\Info\projets\projet_meteo\git_workspace\projet maven ET projet web\projet_maven\sse-examples\sse-helloworld\src\main\resources
2020-12-09 15:12:13,020 [Worker-31: Building] WARN  o.e.m.c.i.embedder.EclipseLogger - Using platform encoding (Cp1252 actually) to copy filtered resources, i.e. build is platform dependent!
2020-12-09 15:12:13,021 [Worker-31: Building] INFO  o.e.m.c.i.embedder.EclipseLogger - skip non existing resourceDirectory D:\stockage\ENSMA\A3\Info\projets\projet_meteo\git_workspace\projet maven ET projet web\projet_maven\sse-examples\sse-helloworld\src\test\resources
2020-12-09 15:13:21,724 [Worker-28: Building] WARN  o.e.m.c.i.embedder.EclipseLogger - Using platform encoding (Cp1252 actually) to copy filtered resources, i.e. build is platform dependent!
2020-12-09 15:13:21,724 [Worker-28: Building] INFO  o.e.m.c.i.embedder.EclipseLogger - skip non existing resourceDirectory D:\stockage\ENSMA\A3\Info\projets\projet_meteo\git_workspace\projet maven ET projet web\projet_maven\sse-examples\sse-helloworld\src\main\resources
2020-12-09 15:13:21,725 [Worker-28: Building] WARN  o.e.m.c.i.embedder.EclipseLogger - Using platform encoding (Cp1252 actually) to copy filtered resources, i.e. build is platform dependent!
2020-12-09 15:13:21,725 [Worker-28: Building] INFO  o.e.m.c.i.embedder.EclipseLogger - skip non existing resourceDirectory D:\stockage\ENSMA\A3\Info\projets\projet_meteo\git_workspace\projet maven ET projet web\projet_maven\sse-examples\sse-helloworld\src\test\resources
2020-12-09 15:13:32,315 [Worker-33: Building] WARN  o.e.m.c.i.embedder.EclipseLogger - Using platform encoding (Cp1252 actually) to copy filtered resources, i.e. build is platform dependent!
2020-12-09 15:13:32,316 [Worker-33: Building] INFO  o.e.m.c.i.embedder.EclipseLogger - skip non existing resourceDirectory D:\stockage\ENSMA\A3\Info\projets\projet_meteo\git_workspace\projet maven ET projet web\projet_maven\sse-examples\sse-helloworld\src\main\resources
2020-12-09 15:13:32,317 [Worker-33: Building] WARN  o.e.m.c.i.embedder.EclipseLogger - Using platform encoding (Cp1252 actually) to copy filtered resources, i.e. build is platform dependent!
2020-12-09 15:13:32,317 [Worker-33: Building] INFO  o.e.m.c.i.embedder.EclipseLogger - skip non existing resourceDirectory D:\stockage\ENSMA\A3\Info\projets\projet_meteo\git_workspace\projet maven ET projet web\projet_maven\sse-examples\sse-helloworld\src\test\resources
2020-12-09 15:14:44,806 [Worker-36: Building] WARN  o.e.m.c.i.embedder.EclipseLogger - Using platform encoding (Cp1252 actually) to copy filtered resources, i.e. build is platform dependent!
2020-12-09 15:14:44,806 [Worker-36: Building] INFO  o.e.m.c.i.embedder.EclipseLogger - skip non existing resourceDirectory D:\stockage\ENSMA\A3\Info\projets\projet_meteo\git_workspace\projet maven ET projet web\projet_maven\sse-examples\sse-helloworld\src\main\resources
2020-12-09 15:14:44,807 [Worker-36: Building] WARN  o.e.m.c.i.embedder.EclipseLogger - Using platform encoding (Cp1252 actually) to copy filtered resources, i.e. build is platform dependent!
2020-12-09 15:14:44,807 [Worker-36: Building] INFO  o.e.m.c.i.embedder.EclipseLogger - skip non existing resourceDirectory D:\stockage\ENSMA\A3\Info\projets\projet_meteo\git_workspace\projet maven ET projet web\projet_maven\sse-examples\sse-helloworld\src\test\resources
2020-12-09 15:15:06,528 [Worker-29: Building] WARN  o.e.m.c.i.embedder.EclipseLogger - Using platform encoding (Cp1252 actually) to copy filtered resources, i.e. build is platform dependent!
2020-12-09 15:15:06,528 [Worker-29: Building] INFO  o.e.m.c.i.embedder.EclipseLogger - skip non existing resourceDirectory D:\stockage\ENSMA\A3\Info\projets\projet_meteo\git_workspace\projet maven ET projet web\projet_maven\sse-examples\sse-helloworld\src\main\resources
2020-12-09 15:15:06,529 [Worker-29: Building] WARN  o.e.m.c.i.embedder.EclipseLogger - Using platform encoding (Cp1252 actually) to copy filtered resources, i.e. build is platform dependent!
2020-12-09 15:15:06,529 [Worker-29: Building] INFO  o.e.m.c.i.embedder.EclipseLogger - skip non existing resourceDirectory D:\stockage\ENSMA\A3\Info\projets\projet_meteo\git_workspace\projet maven ET projet web\projet_maven\sse-examples\sse-helloworld\src\test\resources
2020-12-09 15:15:27,173 [Worker-37: Building] WARN  o.e.m.c.i.embedder.EclipseLogger - Using platform encoding (Cp1252 actually) to copy filtered resources, i.e. build is platform dependent!
2020-12-09 15:15:27,174 [Worker-37: Building] INFO  o.e.m.c.i.embedder.EclipseLogger - skip non existing resourceDirectory D:\stockage\ENSMA\A3\Info\projets\projet_meteo\git_workspace\projet maven ET projet web\projet_maven\sse-examples\sse-helloworld\src\main\resources
2020-12-09 15:15:27,175 [Worker-37: Building] WARN  o.e.m.c.i.embedder.EclipseLogger - Using platform encoding (Cp1252 actually) to copy filtered resources, i.e. build is platform dependent!
2020-12-09 15:15:27,176 [Worker-37: Building] INFO  o.e.m.c.i.embedder.EclipseLogger - skip non existing resourceDirectory D:\stockage\ENSMA\A3\Info\projets\projet_meteo\git_workspace\projet maven ET projet web\projet_maven\sse-examples\sse-helloworld\src\test\resources
2020-12-09 15:15:58,195 [Worker-36: Building] WARN  o.e.m.c.i.embedder.EclipseLogger - Using platform encoding (Cp1252 actually) to copy filtered resources, i.e. build is platform dependent!
2020-12-09 15:15:58,196 [Worker-36: Building] INFO  o.e.m.c.i.embedder.EclipseLogger - skip non existing resourceDirectory D:\stockage\ENSMA\A3\Info\projets\projet_meteo\git_workspace\projet maven ET projet web\projet_maven\sse-examples\sse-helloworld\src\main\resources
2020-12-09 15:15:58,197 [Worker-36: Building] WARN  o.e.m.c.i.embedder.EclipseLogger - Using platform encoding (Cp1252 actually) to copy filtered resources, i.e. build is platform dependent!
2020-12-09 15:15:58,198 [Worker-36: Building] INFO  o.e.m.c.i.embedder.EclipseLogger - skip non existing resourceDirectory D:\stockage\ENSMA\A3\Info\projets\projet_meteo\git_workspace\projet maven ET projet web\projet_maven\sse-examples\sse-helloworld\src\test\resources
2020-12-09 15:16:28,423 [Worker-38: Building] WARN  o.e.m.c.i.embedder.EclipseLogger - Using platform encoding (Cp1252 actually) to copy filtered resources, i.e. build is platform dependent!
2020-12-09 15:16:28,424 [Worker-38: Building] INFO  o.e.m.c.i.embedder.EclipseLogger - skip non existing resourceDirectory D:\stockage\ENSMA\A3\Info\projets\projet_meteo\git_workspace\projet maven ET projet web\projet_maven\sse-examples\sse-helloworld\src\main\resources
2020-12-09 15:16:28,425 [Worker-38: Building] WARN  o.e.m.c.i.embedder.EclipseLogger - Using platform encoding (Cp1252 actually) to copy filtered resources, i.e. build is platform dependent!
2020-12-09 15:16:28,425 [Worker-38: Building] INFO  o.e.m.c.i.embedder.EclipseLogger - skip non existing resourceDirectory D:\stockage\ENSMA\A3\Info\projets\projet_meteo\git_workspace\projet maven ET projet web\projet_maven\sse-examples\sse-helloworld\src\test\resources
2020-12-09 15:16:50,641 [Worker-29: Building] WARN  o.e.m.c.i.embedder.EclipseLogger - Using platform encoding (Cp1252 actually) to copy filtered resources, i.e. build is platform dependent!
2020-12-09 15:16:50,642 [Worker-29: Building] INFO  o.e.m.c.i.embedder.EclipseLogger - skip non existing resourceDirectory D:\stockage\ENSMA\A3\Info\projets\projet_meteo\git_workspace\projet maven ET projet web\projet_maven\sse-examples\sse-helloworld\src\main\resources
2020-12-09 15:16:50,643 [Worker-29: Building] WARN  o.e.m.c.i.embedder.EclipseLogger - Using platform encoding (Cp1252 actually) to copy filtered resources, i.e. build is platform dependent!
2020-12-09 15:16:50,643 [Worker-29: Building] INFO  o.e.m.c.i.embedder.EclipseLogger - skip non existing resourceDirectory D:\stockage\ENSMA\A3\Info\projets\projet_meteo\git_workspace\projet maven ET projet web\projet_maven\sse-examples\sse-helloworld\src\test\resources
2020-12-09 15:17:19,364 [Worker-36: Building] WARN  o.e.m.c.i.embedder.EclipseLogger - Using platform encoding (Cp1252 actually) to copy filtered resources, i.e. build is platform dependent!
2020-12-09 15:17:19,365 [Worker-36: Building] INFO  o.e.m.c.i.embedder.EclipseLogger - skip non existing resourceDirectory D:\stockage\ENSMA\A3\Info\projets\projet_meteo\git_workspace\projet maven ET projet web\projet_maven\sse-examples\sse-helloworld\src\main\resources
2020-12-09 15:17:19,365 [Worker-36: Building] WARN  o.e.m.c.i.embedder.EclipseLogger - Using platform encoding (Cp1252 actually) to copy filtered resources, i.e. build is platform dependent!
2020-12-09 15:17:19,366 [Worker-36: Building] INFO  o.e.m.c.i.embedder.EclipseLogger - skip non existing resourceDirectory D:\stockage\ENSMA\A3\Info\projets\projet_meteo\git_workspace\projet maven ET projet web\projet_maven\sse-examples\sse-helloworld\src\test\resources
2020-12-09 15:17:33,924 [Worker-35: Building] WARN  o.e.m.c.i.embedder.EclipseLogger - Using platform encoding (Cp1252 actually) to copy filtered resources, i.e. build is platform dependent!
2020-12-09 15:17:33,924 [Worker-35: Building] INFO  o.e.m.c.i.embedder.EclipseLogger - skip non existing resourceDirectory D:\stockage\ENSMA\A3\Info\projets\projet_meteo\git_workspace\projet maven ET projet web\projet_maven\sse-examples\sse-helloworld\src\main\resources
2020-12-09 15:17:33,925 [Worker-35: Building] WARN  o.e.m.c.i.embedder.EclipseLogger - Using platform encoding (Cp1252 actually) to copy filtered resources, i.e. build is platform dependent!
2020-12-09 15:17:33,925 [Worker-35: Building] INFO  o.e.m.c.i.embedder.EclipseLogger - skip non existing resourceDirectory D:\stockage\ENSMA\A3\Info\projets\projet_meteo\git_workspace\projet maven ET projet web\projet_maven\sse-examples\sse-helloworld\src\test\resources
2020-12-09 15:20:51,408 [Worker-38: Building] WARN  o.e.m.c.i.embedder.EclipseLogger - Using platform encoding (Cp1252 actually) to copy filtered resources, i.e. build is platform dependent!
2020-12-09 15:20:51,409 [Worker-38: Building] INFO  o.e.m.c.i.embedder.EclipseLogger - skip non existing resourceDirectory D:\stockage\ENSMA\A3\Info\projets\projet_meteo\git_workspace\projet maven ET projet web\projet_maven\sse-examples\sse-helloworld\src\main\resources
2020-12-09 15:20:51,409 [Worker-38: Building] WARN  o.e.m.c.i.embedder.EclipseLogger - Using platform encoding (Cp1252 actually) to copy filtered resources, i.e. build is platform dependent!
2020-12-09 15:20:51,410 [Worker-38: Building] INFO  o.e.m.c.i.embedder.EclipseLogger - skip non existing resourceDirectory D:\stockage\ENSMA\A3\Info\projets\projet_meteo\git_workspace\projet maven ET projet web\projet_maven\sse-examples\sse-helloworld\src\test\resources
2020-12-09 15:21:44,846 [Worker-29: Building] WARN  o.e.m.c.i.embedder.EclipseLogger - Using platform encoding (Cp1252 actually) to copy filtered resources, i.e. build is platform dependent!
2020-12-09 15:21:44,847 [Worker-29: Building] INFO  o.e.m.c.i.embedder.EclipseLogger - skip non existing resourceDirectory D:\stockage\ENSMA\A3\Info\projets\projet_meteo\git_workspace\projet maven ET projet web\projet_maven\sse-examples\sse-helloworld\src\main\resources
2020-12-09 15:21:44,847 [Worker-29: Building] WARN  o.e.m.c.i.embedder.EclipseLogger - Using platform encoding (Cp1252 actually) to copy filtered resources, i.e. build is platform dependent!
2020-12-09 15:21:44,848 [Worker-29: Building] INFO  o.e.m.c.i.embedder.EclipseLogger - skip non existing resourceDirectory D:\stockage\ENSMA\A3\Info\projets\projet_meteo\git_workspace\projet maven ET projet web\projet_maven\sse-examples\sse-helloworld\src\test\resources
2020-12-09 15:22:58,262 [Worker-35: Building] WARN  o.e.m.c.i.embedder.EclipseLogger - Using platform encoding (Cp1252 actually) to copy filtered resources, i.e. build is platform dependent!
2020-12-09 15:22:58,262 [Worker-35: Building] INFO  o.e.m.c.i.embedder.EclipseLogger - skip non existing resourceDirectory D:\stockage\ENSMA\A3\Info\projets\projet_meteo\git_workspace\projet maven ET projet web\projet_maven\sse-examples\sse-helloworld\src\main\resources
2020-12-09 15:22:58,263 [Worker-35: Building] WARN  o.e.m.c.i.embedder.EclipseLogger - Using platform encoding (Cp1252 actually) to copy filtered resources, i.e. build is platform dependent!
2020-12-09 15:22:58,263 [Worker-35: Building] INFO  o.e.m.c.i.embedder.EclipseLogger - skip non existing resourceDirectory D:\stockage\ENSMA\A3\Info\projets\projet_meteo\git_workspace\projet maven ET projet web\projet_maven\sse-examples\sse-helloworld\src\test\resources
2020-12-09 15:23:05,698 [Worker-37: Building] WARN  o.e.m.c.i.embedder.EclipseLogger - Using platform encoding (Cp1252 actually) to copy filtered resources, i.e. build is platform dependent!
2020-12-09 15:23:05,699 [Worker-37: Building] INFO  o.e.m.c.i.embedder.EclipseLogger - skip non existing resourceDirectory D:\stockage\ENSMA\A3\Info\projets\projet_meteo\git_workspace\projet maven ET projet web\projet_maven\sse-examples\sse-helloworld\src\main\resources
2020-12-09 15:23:05,699 [Worker-37: Building] WARN  o.e.m.c.i.embedder.EclipseLogger - Using platform encoding (Cp1252 actually) to copy filtered resources, i.e. build is platform dependent!
2020-12-09 15:23:05,700 [Worker-37: Building] INFO  o.e.m.c.i.embedder.EclipseLogger - skip non existing resourceDirectory D:\stockage\ENSMA\A3\Info\projets\projet_meteo\git_workspace\projet maven ET projet web\projet_maven\sse-examples\sse-helloworld\src\test\resources
2020-12-09 15:23:14,553 [Worker-36: Building] WARN  o.e.m.c.i.embedder.EclipseLogger - Using platform encoding (Cp1252 actually) to copy filtered resources, i.e. build is platform dependent!
2020-12-09 15:23:14,553 [Worker-36: Building] INFO  o.e.m.c.i.embedder.EclipseLogger - skip non existing resourceDirectory D:\stockage\ENSMA\A3\Info\projets\projet_meteo\git_workspace\projet maven ET projet web\projet_maven\sse-examples\sse-helloworld\src\main\resources
2020-12-09 15:23:14,554 [Worker-36: Building] WARN  o.e.m.c.i.embedder.EclipseLogger - Using platform encoding (Cp1252 actually) to copy filtered resources, i.e. build is platform dependent!
2020-12-09 15:23:14,554 [Worker-36: Building] INFO  o.e.m.c.i.embedder.EclipseLogger - skip non existing resourceDirectory D:\stockage\ENSMA\A3\Info\projets\projet_meteo\git_workspace\projet maven ET projet web\projet_maven\sse-examples\sse-helloworld\src\test\resources
2020-12-09 15:23:21,850 [Worker-29: Building] WARN  o.e.m.c.i.embedder.EclipseLogger - Using platform encoding (Cp1252 actually) to copy filtered resources, i.e. build is platform dependent!
2020-12-09 15:23:21,851 [Worker-29: Building] INFO  o.e.m.c.i.embedder.EclipseLogger - skip non existing resourceDirectory D:\stockage\ENSMA\A3\Info\projets\projet_meteo\git_workspace\projet maven ET projet web\projet_maven\sse-examples\sse-helloworld\src\main\resources
2020-12-09 15:23:21,852 [Worker-29: Building] WARN  o.e.m.c.i.embedder.EclipseLogger - Using platform encoding (Cp1252 actually) to copy filtered resources, i.e. build is platform dependent!
2020-12-09 15:23:21,852 [Worker-29: Building] INFO  o.e.m.c.i.embedder.EclipseLogger - skip non existing resourceDirectory D:\stockage\ENSMA\A3\Info\projets\projet_meteo\git_workspace\projet maven ET projet web\projet_maven\sse-examples\sse-helloworld\src\test\resources
2020-12-09 15:26:13,181 [Worker-38: Building] WARN  o.e.m.c.i.embedder.EclipseLogger - Using platform encoding (Cp1252 actually) to copy filtered resources, i.e. build is platform dependent!
2020-12-09 15:26:13,181 [Worker-38: Building] INFO  o.e.m.c.i.embedder.EclipseLogger - skip non existing resourceDirectory D:\stockage\ENSMA\A3\Info\projets\projet_meteo\git_workspace\projet maven ET projet web\projet_maven\sse-examples\sse-helloworld\src\main\resources
2020-12-09 15:26:13,182 [Worker-38: Building] WARN  o.e.m.c.i.embedder.EclipseLogger - Using platform encoding (Cp1252 actually) to copy filtered resources, i.e. build is platform dependent!
2020-12-09 15:26:13,182 [Worker-38: Building] INFO  o.e.m.c.i.embedder.EclipseLogger - skip non existing resourceDirectory D:\stockage\ENSMA\A3\Info\projets\projet_meteo\git_workspace\projet maven ET projet web\projet_maven\sse-examples\sse-helloworld\src\test\resources
2020-12-09 15:27:27,332 [Worker-40: Building] WARN  o.e.m.c.i.embedder.EclipseLogger - Using platform encoding (Cp1252 actually) to copy filtered resources, i.e. build is platform dependent!
2020-12-09 15:27:27,333 [Worker-40: Building] INFO  o.e.m.c.i.embedder.EclipseLogger - skip non existing resourceDirectory D:\stockage\ENSMA\A3\Info\projets\projet_meteo\git_workspace\projet maven ET projet web\projet_maven\sse-examples\sse-helloworld\src\main\resources
2020-12-09 15:27:27,333 [Worker-40: Building] WARN  o.e.m.c.i.embedder.EclipseLogger - Using platform encoding (Cp1252 actually) to copy filtered resources, i.e. build is platform dependent!
2020-12-09 15:27:27,334 [Worker-40: Building] INFO  o.e.m.c.i.embedder.EclipseLogger - skip non existing resourceDirectory D:\stockage\ENSMA\A3\Info\projets\projet_meteo\git_workspace\projet maven ET projet web\projet_maven\sse-examples\sse-helloworld\src\test\resources
2020-12-09 15:29:01,890 [Worker-44: Building] WARN  o.e.m.c.i.embedder.EclipseLogger - Using platform encoding (Cp1252 actually) to copy filtered resources, i.e. build is platform dependent!
2020-12-09 15:29:01,890 [Worker-44: Building] INFO  o.e.m.c.i.embedder.EclipseLogger - skip non existing resourceDirectory D:\stockage\ENSMA\A3\Info\projets\projet_meteo\git_workspace\projet maven ET projet web\projet_maven\sse-examples\sse-helloworld\src\main\resources
2020-12-09 15:29:01,891 [Worker-44: Building] WARN  o.e.m.c.i.embedder.EclipseLogger - Using platform encoding (Cp1252 actually) to copy filtered resources, i.e. build is platform dependent!
2020-12-09 15:29:01,891 [Worker-44: Building] INFO  o.e.m.c.i.embedder.EclipseLogger - skip non existing resourceDirectory D:\stockage\ENSMA\A3\Info\projets\projet_meteo\git_workspace\projet maven ET projet web\projet_maven\sse-examples\sse-helloworld\src\test\resources
2020-12-09 15:32:48,374 [Worker-42: Building] WARN  o.e.m.c.i.embedder.EclipseLogger - Using platform encoding (Cp1252 actually) to copy filtered resources, i.e. build is platform dependent!
2020-12-09 15:32:48,375 [Worker-42: Building] INFO  o.e.m.c.i.embedder.EclipseLogger - skip non existing resourceDirectory D:\stockage\ENSMA\A3\Info\projets\projet_meteo\git_workspace\projet maven ET projet web\projet_maven\sse-examples\sse-helloworld\src\main\resources
2020-12-09 15:32:48,375 [Worker-42: Building] WARN  o.e.m.c.i.embedder.EclipseLogger - Using platform encoding (Cp1252 actually) to copy filtered resources, i.e. build is platform dependent!
2020-12-09 15:32:48,376 [Worker-42: Building] INFO  o.e.m.c.i.embedder.EclipseLogger - skip non existing resourceDirectory D:\stockage\ENSMA\A3\Info\projets\projet_meteo\git_workspace\projet maven ET projet web\projet_maven\sse-examples\sse-helloworld\src\test\resources
2020-12-09 15:33:03,172 [Worker-41: Building] WARN  o.e.m.c.i.embedder.EclipseLogger - Using platform encoding (Cp1252 actually) to copy filtered resources, i.e. build is platform dependent!
2020-12-09 15:33:03,173 [Worker-41: Building] INFO  o.e.m.c.i.embedder.EclipseLogger - skip non existing resourceDirectory D:\stockage\ENSMA\A3\Info\projets\projet_meteo\git_workspace\projet maven ET projet web\projet_maven\sse-examples\sse-helloworld\src\main\resources
2020-12-09 15:33:03,173 [Worker-41: Building] WARN  o.e.m.c.i.embedder.EclipseLogger - Using platform encoding (Cp1252 actually) to copy filtered resources, i.e. build is platform dependent!
2020-12-09 15:33:03,173 [Worker-41: Building] INFO  o.e.m.c.i.embedder.EclipseLogger - skip non existing resourceDirectory D:\stockage\ENSMA\A3\Info\projets\projet_meteo\git_workspace\projet maven ET projet web\projet_maven\sse-examples\sse-helloworld\src\test\resources
2020-12-09 15:33:46,227 [Worker-41: Building] WARN  o.e.m.c.i.embedder.EclipseLogger - Using platform encoding (Cp1252 actually) to copy filtered resources, i.e. build is platform dependent!
2020-12-09 15:33:46,227 [Worker-41: Building] INFO  o.e.m.c.i.embedder.EclipseLogger - skip non existing resourceDirectory D:\stockage\ENSMA\A3\Info\projets\projet_meteo\git_workspace\projet maven ET projet web\projet_maven\sse-examples\sse-helloworld\src\main\resources
2020-12-09 15:33:46,228 [Worker-41: Building] WARN  o.e.m.c.i.embedder.EclipseLogger - Using platform encoding (Cp1252 actually) to copy filtered resources, i.e. build is platform dependent!
2020-12-09 15:33:46,229 [Worker-41: Building] INFO  o.e.m.c.i.embedder.EclipseLogger - skip non existing resourceDirectory D:\stockage\ENSMA\A3\Info\projets\projet_meteo\git_workspace\projet maven ET projet web\projet_maven\sse-examples\sse-helloworld\src\test\resources
2020-12-09 15:34:57,582 [Worker-29: Building] WARN  o.e.m.c.i.embedder.EclipseLogger - Using platform encoding (Cp1252 actually) to copy filtered resources, i.e. build is platform dependent!
2020-12-09 15:34:57,583 [Worker-29: Building] INFO  o.e.m.c.i.embedder.EclipseLogger - skip non existing resourceDirectory D:\stockage\ENSMA\A3\Info\projets\projet_meteo\git_workspace\projet maven ET projet web\projet_maven\sse-examples\sse-helloworld\src\main\resources
2020-12-09 15:34:57,584 [Worker-29: Building] WARN  o.e.m.c.i.embedder.EclipseLogger - Using platform encoding (Cp1252 actually) to copy filtered resources, i.e. build is platform dependent!
2020-12-09 15:34:57,584 [Worker-29: Building] INFO  o.e.m.c.i.embedder.EclipseLogger - skip non existing resourceDirectory D:\stockage\ENSMA\A3\Info\projets\projet_meteo\git_workspace\projet maven ET projet web\projet_maven\sse-examples\sse-helloworld\src\test\resources
2020-12-09 15:35:26,109 [Worker-29: Building] WARN  o.e.m.c.i.embedder.EclipseLogger - Using platform encoding (Cp1252 actually) to copy filtered resources, i.e. build is platform dependent!
2020-12-09 15:35:26,110 [Worker-29: Building] INFO  o.e.m.c.i.embedder.EclipseLogger - skip non existing resourceDirectory D:\stockage\ENSMA\A3\Info\projets\projet_meteo\git_workspace\projet maven ET projet web\projet_maven\sse-examples\sse-helloworld\src\main\resources
2020-12-09 15:35:26,111 [Worker-29: Building] WARN  o.e.m.c.i.embedder.EclipseLogger - Using platform encoding (Cp1252 actually) to copy filtered resources, i.e. build is platform dependent!
2020-12-09 15:35:26,111 [Worker-29: Building] INFO  o.e.m.c.i.embedder.EclipseLogger - skip non existing resourceDirectory D:\stockage\ENSMA\A3\Info\projets\projet_meteo\git_workspace\projet maven ET projet web\projet_maven\sse-examples\sse-helloworld\src\test\resources
2020-12-09 15:36:43,755 [Worker-38: Building] WARN  o.e.m.c.i.embedder.EclipseLogger - Using platform encoding (Cp1252 actually) to copy filtered resources, i.e. build is platform dependent!
2020-12-09 15:36:43,755 [Worker-38: Building] INFO  o.e.m.c.i.embedder.EclipseLogger - skip non existing resourceDirectory D:\stockage\ENSMA\A3\Info\projets\projet_meteo\git_workspace\projet maven ET projet web\projet_maven\sse-examples\sse-helloworld\src\main\resources
2020-12-09 15:36:43,756 [Worker-38: Building] WARN  o.e.m.c.i.embedder.EclipseLogger - Using platform encoding (Cp1252 actually) to copy filtered resources, i.e. build is platform dependent!
2020-12-09 15:36:43,756 [Worker-38: Building] INFO  o.e.m.c.i.embedder.EclipseLogger - skip non existing resourceDirectory D:\stockage\ENSMA\A3\Info\projets\projet_meteo\git_workspace\projet maven ET projet web\projet_maven\sse-examples\sse-helloworld\src\test\resources
2020-12-09 15:38:20,106 [Worker-38: Building] WARN  o.e.m.c.i.embedder.EclipseLogger - Using platform encoding (Cp1252 actually) to copy filtered resources, i.e. build is platform dependent!
2020-12-09 15:38:20,107 [Worker-38: Building] INFO  o.e.m.c.i.embedder.EclipseLogger - skip non existing resourceDirectory D:\stockage\ENSMA\A3\Info\projets\projet_meteo\git_workspace\projet maven ET projet web\projet_maven\sse-examples\sse-helloworld\src\main\resources
2020-12-09 15:38:20,107 [Worker-38: Building] WARN  o.e.m.c.i.embedder.EclipseLogger - Using platform encoding (Cp1252 actually) to copy filtered resources, i.e. build is platform dependent!
2020-12-09 15:38:20,108 [Worker-38: Building] INFO  o.e.m.c.i.embedder.EclipseLogger - skip non existing resourceDirectory D:\stockage\ENSMA\A3\Info\projets\projet_meteo\git_workspace\projet maven ET projet web\projet_maven\sse-examples\sse-helloworld\src\test\resources
